<Id, 0>
<Id, 12>
<Assign, ->
<Id, 0>
<Id, 13>
<Assign, ->
<Id, 0>
<Id, 14>
<Assign, ->
<Id, 0>
<Id, 15>
<Assign, ->
<Id, 0>
<Id, 16>
<Assign, ->
<Id, 0>
<Id, 17>
<Assign, ->
<Id, 0>
<Id, 18>
<Assign, ->
<StrCons, "hello there">
<Semi, ->
<AndAssign, ->
<Eq, ->
<And, ->
<Or, ->
<Ge, ->
<Le, ->
<Lt, ->
<Gt, ->
<Not, ->
<Id, 19>
<Id, 11>
<Id, 10>
<Id, 7>
<Id, 6>
<Id, 0>
<Id, 8>
<LBrack, ->
<RBrack, ->
<Id, 20>
<Id, 0>
<Id, 21>
<Assign, ->
<StrCons, "hola
\s">
<Semi, ->
<Id, 0>
<Id, 22>
<Assign, ->
<Id, 0>
<Id, 23>
<Assign, ->
<Id, 0>
<Id, 24>
<Assign, ->
<Id, 0>
<Id, 25>
<Assign, ->
gn, ->
